07.03.2022 10:26:05 sql=[SELECT * FROM `account` ] 
07.03.2022 10:26:15 sql=[SELECT * FROM `tables` ] 
07.03.2022 10:26:24 sql=[SELECT * FROM `tables` ] 
07.03.2022 10:26:34 sql=[SELECT * FROM `tables` ] 
07.03.2022 10:26:58 sql=[SELECT * FROM `tables` ] 
07.03.2022 10:27:26 sql=[SELECT * FROM `tables` ] 
07.03.2022 10:27:41 sql=[SELECT * FROM `tables` ] 
07.03.2022 10:28:41 sql=[SELECT * FROM `tables` ] 
07.03.2022 10:28:52 sql=[SELECT * FROM `tables` ] 
07.03.2022 10:28:55 sql=[SELECT * FROM `tables` ] 
07.03.2022 10:29:23 sql=[SELECT * FROM `tables` ] 
07.03.2022 02:05:59 sql=[SELECT * FROM `tables` ] 
07.03.2022 02:13:29 sql=[SELECT * FROM `tables` ] 
07.03.2022 03:57:06 sql=[SELECT * FROM `tables` ] 
07.03.2022 04:08:56 sql=[SELECT account FROM `users` WHERE `account` = trunghuong AND `password` = password] 
07.03.2022 04:09:18 sql=[SELECT account FROM `users` WHERE `account` = trunghuong AND `password` = 1] 
07.03.2022 04:09:49 sql=[SELECT account FROM `users` WHERE `account` = trunghuong AND `password` = 1] 
07.03.2022 04:10:40 sql=[SELECT * FROM `users` WHERE `account` = trunghuong AND `password` = 1] 
07.03.2022 04:10:56 sql=[SELECT * FROM `tables` ] 
07.03.2022 04:11:24 sql=[SELECT * FROM `users` ] 
07.03.2022 04:11:34 sql=[SELECT * FROM `users` WHERE `account` = trunghuong AND `password` = 1] 
07.03.2022 04:12:15 sql=[SELECT * FROM `users` WHERE `account` = trunghuong AND `password` = 1] 
07.03.2022 04:13:06 sql=[SELECT * FROM `users` ] 
07.03.2022 04:13:24 sql=[SELECT * FROM `users` ] 
07.03.2022 04:13:30 sql=[SELECT * FROM `users` WHERE `account` = trunghuong AND `password` = 1] 
07.03.2022 04:14:03 sql=[SELECT * FROM `users` WHERE `account` = trunghuong AND `password` = 1] 
07.03.2022 04:16:03 sql=[SELECT COUNT(*) FROM `users` WHERE `account` = trunghuong AND `password` = 1] 
07.03.2022 04:16:22 sql=[SELECT * FROM `tables` ] 
07.03.2022 04:16:46 sql=[SELECT COUNT(*) FROM `users` WHERE `account` = trunghuong AND `password` = 1] 
07.03.2022 04:17:09 sql=[SELECT COUNT(*) FROM `users` WHERE `account` = trunghuong AND `password` = '1'] 
07.03.2022 04:17:25 sql=[SELECT COUNT(*) FROM `users` WHERE `account` = 'trunghuong' AND `password` = '1'] 
07.03.2022 04:17:52 sql=[SELECT account FROM `users` WHERE `account` = 'trunghuong' AND `password` = '1'] 
07.03.2022 04:18:04 sql=[SELECT id FROM `users` WHERE `account` = 'trunghuong' AND `password` = '1'] 
07.03.2022 04:18:45 sql=[SELECT id FROM `users` WHERE `account` = 'trunghuong' AND `password` = '1'] 
07.03.2022 04:18:49 sql=[SELECT id FROM `users` WHERE `account` = 'trunghuong' AND `password` = '2'] 
07.03.2022 04:18:54 sql=[SELECT id FROM `users` WHERE `account` = 'trunghuong' AND `password` = '1'] 
07.03.2022 04:28:30 sql=[SELECT id,status FROM `users` WHERE `account` = 'trunghuong' AND `password` = '1'] 
07.03.2022 04:41:26 sql=[SELECT id,status FROM `users` WHERE `account` = 'trunghuong' AND `password` = '1'] 
07.03.2022 04:41:37 sql=[SELECT id,status FROM `users` WHERE `account` = 'trunghuong' AND `password` = '1'] 
07.03.2022 04:42:33 sql=[SELECT id,status FROM `users` WHERE `account` = 'trunghuong' AND `password` = '1'] 
07.03.2022 04:42:39 sql=[SELECT id,status FROM `users` WHERE `account` = 'trunghuong' AND `password` = '1'] 
07.03.2022 04:44:08 sql=[SELECT * FROM `tables` ] 
07.03.2022 04:49:25 sql=[SELECT id,status FROM `users` WHERE `account` = 'trunghuong' AND `password` = '1'] 
07.03.2022 04:50:03 sql=[SELECT id,status FROM `users` WHERE `account` = 'trunghuong' AND `password` = '1'] 
07.03.2022 04:53:22 sql=[SELECT * FROM `tables` ] 
08.03.2022 02:00:57 sql=[SELECT id,status FROM `users` WHERE `account` = 'trunghuong' AND `password` = '1'] 
08.03.2022 02:07:28 sql=[SELECT id,status FROM `users` WHERE `account` = '' AND `password` = ''] 
08.03.2022 02:07:47 sql=[SELECT id,status FROM `users` WHERE `account` = 'trunghuong' AND `password` = '1'] 
08.03.2022 02:07:58 sql=[SELECT id,status FROM `users` WHERE `account` = '' AND `password` = ''] 
08.03.2022 02:08:10 sql=[SELECT id,status FROM `users` WHERE `account` = 'trunghuong' AND `password` = '1'] 
08.03.2022 02:11:19 sql=[SELECT * FROM `tables` ] 
08.03.2022 02:20:27 sql=[SELECT id,status FROM `users` WHERE `account` = 'trunghuong' AND `password` = '1'] 
08.03.2022 02:23:17 sql=[SELECT id,status FROM `users` WHERE `account` = 'trunghuong' AND `password` = '1'] 
08.03.2022 02:23:39 sql=[SELECT id,status FROM `users` WHERE `account` = 'trunghuong' AND `password` = '1'] 
08.03.2022 02:23:51 sql=[SELECT id,status FROM `users` WHERE `account` = 'trunghuong' AND `password` = '1'] 
08.03.2022 02:24:25 sql=[SELECT id,status FROM `users` WHERE `account` = 'trunghuong' AND `password` = '1'] 
08.03.2022 02:24:39 sql=[SELECT id,status FROM `users` WHERE `account` = 'trunghuong' AND `password` = '1'] 
08.03.2022 02:25:25 sql=[SELECT id,status FROM `users` WHERE `account` = 'trunghuong' AND `password` = '1'] 
08.03.2022 02:25:32 sql=[SELECT id,status FROM `users` WHERE `account` = 'trunghuong' AND `password` = '1'] 
08.03.2022 02:25:33 sql=[SELECT id,status FROM `users` WHERE `account` = 'trunghuong' AND `password` = '1'] 
08.03.2022 02:25:40 sql=[SELECT id,status FROM `users` WHERE `account` = 'trunghuong' AND `password` = '1'] 
08.03.2022 02:25:47 sql=[SELECT id,status FROM `users` WHERE `account` = 'trunghuong' AND `password` = '1'] 
08.03.2022 02:26:54 sql=[SELECT id,status FROM `users` WHERE `account` = 'trunghuong' AND `password` = '1'] 
08.03.2022 02:36:52 sql=[SELECT id,status FROM `users` WHERE `account` = '' AND `password` = ''] 
08.03.2022 02:37:13 sql=[SELECT id,status FROM `users` WHERE `account` = 'trunghuong' AND `password` = '1'] 
08.03.2022 02:37:28 sql=[SELECT id,status FROM `users` WHERE `account` = 'trunghuong' AND `password` = '1'] 
08.03.2022 02:37:42 sql=[SELECT id,status FROM `users` WHERE `account` = 'trunghuong' AND `password` = '1'] 
08.03.2022 02:38:30 sql=[SELECT id,status FROM `users` WHERE `account` = 'trunghuong' AND `password` = '1'] 
08.03.2022 02:38:36 sql=[SELECT id,status FROM `users` WHERE `account` = 'trunghuong' AND `password` = '1'] 
08.03.2022 02:40:56 sql=[SELECT id,status FROM `users` WHERE `account` = 'trunghuong' AND `password` = '1'] 
08.03.2022 02:41:00 sql=[SELECT id,status FROM `users` WHERE `account` = 'trunghuong' AND `password` = '1'] 
08.03.2022 02:41:11 sql=[SELECT id,status FROM `users` WHERE `account` = 'trunghuong' AND `password` = '1'] 
08.03.2022 02:41:46 sql=[SELECT id,status FROM `users` WHERE `account` = 'trunghuong' AND `password` = '1'] 
08.03.2022 02:44:57 sql=[SELECT id,status FROM `users` WHERE `account` = 'trunghuong' AND `password` = '1'] 
08.03.2022 02:45:06 sql=[SELECT id,status FROM `users` WHERE `account` = 'trunghuong' AND `password` = '1'] 
08.03.2022 02:45:26 sql=[SELECT id,status FROM `users` WHERE `account` = 'trunghuong' AND `password` = '1'] 
08.03.2022 02:45:27 sql=[SELECT id,status FROM `users` WHERE `account` = 'trunghuong' AND `password` = '1'] 
08.03.2022 02:46:12 sql=[SELECT id,status FROM `users` WHERE `account` = 'trunghuong' AND `password` = '1'] 
08.03.2022 02:46:39 sql=[SELECT id,status FROM `users` WHERE `account` = 'trunghuong' AND `password` = '1'] 
08.03.2022 02:47:48 sql=[SELECT id,status FROM `users` WHERE `account` = 'trunghuong' AND `password` = '1'] 
08.03.2022 02:48:04 sql=[SELECT id,status FROM `users` WHERE `account` = 'trunghuong' AND `password` = '1'] 
08.03.2022 02:48:37 sql=[SELECT id,status FROM `users` WHERE `account` = 'trunghuong' AND `password` = '1'] 
08.03.2022 02:49:27 sql=[SELECT id,status FROM `users` WHERE `account` = 'trunghuong' AND `password` = '1'] 
08.03.2022 02:51:29 sql=[SELECT id,status FROM `users` WHERE `account` = 'trunghuong' AND `password` = '1'] 
08.03.2022 02:51:39 sql=[SELECT id,status FROM `users` WHERE `account` = 'trunghuong' AND `password` = '1'] 
08.03.2022 02:52:40 sql=[SELECT id,status FROM `users` WHERE `account` = 'trunghuong' AND `password` = '1'] 
08.03.2022 02:52:43 sql=[SELECT id,status FROM `users` WHERE `account` = 'trunghuong' AND `password` = '1'] 
08.03.2022 02:53:41 sql=[SELECT id,status FROM `users` WHERE `account` = 'trunghuong' AND `password` = '1'] 
08.03.2022 02:53:45 sql=[SELECT id,status FROM `users` WHERE `account` = 'trunghuong' AND `password` = '1'] 
08.03.2022 02:54:38 sql=[SELECT id,status FROM `users` WHERE `account` = 'trunghuong' AND `password` = '1'] 
08.03.2022 02:56:33 sql=[SELECT * FROM `tables` ] 
08.03.2022 02:56:59 sql=[SELECT * FROM `tables` ] 
08.03.2022 02:57:04 sql=[SELECT * FROM `tables` ] 
08.03.2022 02:57:46 sql=[SELECT * FROM `tables` ] 
08.03.2022 02:57:49 sql=[SELECT * FROM `tables` ] 
08.03.2022 02:58:04 sql=[SELECT * FROM `tables` ] 
08.03.2022 02:58:32 sql=[SELECT * FROM `tables` ] 
08.03.2022 02:58:34 sql=[SELECT * FROM `tables` ] 
08.03.2022 02:59:09 sql=[SELECT id,status FROM `users` WHERE `account` = 'trunghuong' AND `password` = '1'] 
08.03.2022 03:00:05 sql=[SELECT id,status FROM `users` WHERE `account` = 'trunghuong' AND `password` = '1'] 
08.03.2022 03:01:53 sql=[SELECT id,status FROM `users` WHERE `account` = 'trunghuong' AND `password` = '1'] 
08.03.2022 03:03:50 sql=[SELECT id,status FROM `users` WHERE `account` = 'trunghuong' AND `password` = '1'] 
08.03.2022 03:04:16 sql=[SELECT id,status FROM `users` WHERE `account` = 'trunghuong' AND `password` = '1'] 
08.03.2022 03:04:19 sql=[SELECT id,status FROM `users` WHERE `account` = 'trunghuong' AND `password` = '1'] 
08.03.2022 03:06:48 sql=[SELECT id,status FROM `users` WHERE `account` = 'trunghuong' AND `password` = '1'] 
08.03.2022 03:07:20 sql=[SELECT id,status FROM `users` WHERE `account` = 'trunghuong' AND `password` = '1'] 
08.03.2022 03:07:41 sql=[SELECT id,status FROM `users` WHERE `account` = 'trunghuong' AND `password` = '1'] 
08.03.2022 03:08:03 sql=[SELECT id,status FROM `users` WHERE `account` = 'trunghuong' AND `password` = '1'] 
08.03.2022 03:08:57 sql=[SELECT id,status FROM `users` WHERE `account` = 'trunghuong' AND `password` = '1'] 
08.03.2022 03:09:03 sql=[SELECT id,status FROM `users` WHERE `account` = 'trunghuong' AND `password` = '1'] 
08.03.2022 03:10:41 sql=[SELECT id,status FROM `users` WHERE `account` = 'trunghuong' AND `password` = '1'] 
08.03.2022 03:14:21 sql=[SELECT * FROM `tables` ] 
08.03.2022 03:15:06 sql=[SELECT id,status FROM `users` WHERE `account` = 'trunghuong' AND `password` = '1'] 
08.03.2022 03:16:28 sql=[SELECT id,status FROM `users` WHERE `account` = 'trunghuong' AND `password` = '1'] 
08.03.2022 03:16:48 sql=[SELECT id,status FROM `users` WHERE `account` = 'trunghuong' AND `password` = '1'] 
08.03.2022 03:17:51 sql=[SELECT id,status FROM `users` WHERE `account` = 'trunghuong' AND `password` = '1'] 
08.03.2022 03:29:04 sql=[SELECT id,status FROM `users` WHERE `account` = 'trunghuong' AND `password` = '1'] 
08.03.2022 03:34:51 sql=[SELECT * FROM `tables` ] 
08.03.2022 03:41:39 sql=[SELECT * FROM `tables` ] 
08.03.2022 03:49:41 sql=[SELECT * FROM `tables` ] 
08.03.2022 04:02:54 sql=[SELECT * FROM `tables` ] 
08.03.2022 04:56:39 sql=[SELECT * FROM `tables` ] 
08.03.2022 05:08:50 sql=[SELECT * FROM `tables` ] 
08.03.2022 05:09:22 sql=[SELECT * FROM `tables` ] 
08.03.2022 05:09:23 sql=[SELECT * FROM `tables` ] 
08.03.2022 05:15:38 sql=[SELECT id,status FROM `users` WHERE `account` = 'trunghuong' AND `password` = '1'] 
08.03.2022 05:16:28 sql=[SELECT id,status FROM `users` WHERE `account` = 'trunghuong' AND `password` = '1'] 
08.03.2022 05:16:29 sql=[SELECT id,status FROM `users` WHERE `account` = 'trunghuong' AND `password` = '1'] 
08.03.2022 05:16:30 sql=[SELECT id,status FROM `users` WHERE `account` = 'trunghuong' AND `password` = '1'] 
08.03.2022 05:16:52 sql=[SELECT id,status FROM `users` WHERE `account` = 'trunghuong' AND `password` = '1'] 
